[
  {
    "level": "INFO",
    "message": "Start JSON generation. Platform version: 16 min SDK version: x86"
  },
  {
    "level": "INFO",
    "message": "No CMake version was specified in build.gradle. Choosing a suitable version."
  },
  {
    "level": "INFO",
    "message": "Trying to locate CMake in local SDK repository."
  },
  {
    "level": "INFO",
    "message": "CMake \u00273.10.2\u0027 found in SDK did not match requested version \u00273.6.0\u0027."
  },
  {
    "level": "INFO",
    "message": "- CMake found in SDK at \u0027C:\\Users\\Yu\\AppData\\Local\\Android\\Sdk\\cmake\\3.6.4111459\u0027 had version \u00273.6.0\u0027"
  },
  {
    "level": "INFO",
    "message": "rebuilding JSON C:\\Users\\Yu\\Desktop\\Test (1)\\lib-image-gif\\.cxx\\cmake\\debug\\x86\\android_gradle_build.json due to:"
  },
  {
    "level": "INFO",
    "message": "- expected json C:\\Users\\Yu\\Desktop\\Test (1)\\lib-image-gif\\.cxx\\cmake\\debug\\x86\\android_gradle_build.json file is not present, will remove stale json folder"
  },
  {
    "level": "INFO",
    "message": "- missing previous command file C:\\Users\\Yu\\Desktop\\Test (1)\\lib-image-gif\\.cxx\\cmake\\debug\\x86\\build_command.txt, will remove stale json folder"
  },
  {
    "level": "INFO",
    "message": "- command changed from previous, will remove stale json folder"
  },
  {
    "level": "INFO",
    "message": "removing stale contents from \u0027C:\\Users\\Yu\\Desktop\\Test (1)\\lib-image-gif\\.cxx\\cmake\\debug\\x86\u0027"
  },
  {
    "level": "INFO",
    "message": "created folder \u0027C:\\Users\\Yu\\Desktop\\Test (1)\\lib-image-gif\\.cxx\\cmake\\debug\\x86\u0027"
  },
  {
    "level": "INFO",
    "message": "executing cmake Executable : C:\\Users\\Yu\\AppData\\Local\\Android\\Sdk\\cmake\\3.6.4111459\\bin\\cmake.exe\narguments : \n-HC:\\Users\\Yu\\Desktop\\Test (1)\\lib-image-gif\n-BC:\\Users\\Yu\\Desktop\\Test (1)\\lib-image-gif\\.cxx\\cmake\\debug\\x86\n-DANDROID_ABI\u003dx86\n-DANDROID_PLATFORM\u003dandroid-16\n-DCMAKE_LIBRARY_OUTPUT_DIRECTORY\u003dC:\\Users\\Yu\\Desktop\\Test (1)\\lib-image-gif\\build\\intermediates\\cmake\\debug\\obj\\x86\n-DCMAKE_BUILD_TYPE\u003dDebug\n-DANDROID_NDK\u003dC:\\Users\\Yu\\AppData\\Local\\Android\\Sdk\\ndk\\23.1.7779620\n-DCMAKE_CXX_FLAGS\u003d\n-DCMAKE_TOOLCHAIN_FILE\u003dC:\\Users\\Yu\\AppData\\Local\\Android\\Sdk\\ndk\\23.1.7779620\\build\\cmake\\android.toolchain.cmake\n-DCMAKE_MAKE_PROGRAM\u003dC:\\Users\\Yu\\AppData\\Local\\Android\\Sdk\\cmake\\3.6.4111459\\bin\\ninja.exe\n-GAndroid Gradle - Ninja\njvmArgs : \n\n"
  },
  {
    "level": "INFO",
    "message": "Executable : C:\\Users\\Yu\\AppData\\Local\\Android\\Sdk\\cmake\\3.6.4111459\\bin\\cmake.exe\narguments : \n-HC:\\Users\\Yu\\Desktop\\Test (1)\\lib-image-gif\n-BC:\\Users\\Yu\\Desktop\\Test (1)\\lib-image-gif\\.cxx\\cmake\\debug\\x86\n-DANDROID_ABI\u003dx86\n-DANDROID_PLATFORM\u003dandroid-16\n-DCMAKE_LIBRARY_OUTPUT_DIRECTORY\u003dC:\\Users\\Yu\\Desktop\\Test (1)\\lib-image-gif\\build\\intermediates\\cmake\\debug\\obj\\x86\n-DCMAKE_BUILD_TYPE\u003dDebug\n-DANDROID_NDK\u003dC:\\Users\\Yu\\AppData\\Local\\Android\\Sdk\\ndk\\23.1.7779620\n-DCMAKE_CXX_FLAGS\u003d\n-DCMAKE_TOOLCHAIN_FILE\u003dC:\\Users\\Yu\\AppData\\Local\\Android\\Sdk\\ndk\\23.1.7779620\\build\\cmake\\android.toolchain.cmake\n-DCMAKE_MAKE_PROGRAM\u003dC:\\Users\\Yu\\AppData\\Local\\Android\\Sdk\\cmake\\3.6.4111459\\bin\\ninja.exe\n-GAndroid Gradle - Ninja\njvmArgs : \n\n"
  },
  {
    "level": "INFO",
    "message": "JSON generation completed with problem. Exception: Build command failed.\nError while executing process C:\\Users\\Yu\\AppData\\Local\\Android\\Sdk\\cmake\\3.6.4111459\\bin\\cmake.exe with arguments {-HC:\\Users\\Yu\\Desktop\\Test (1)\\lib-image-gif -BC:\\Users\\Yu\\Desktop\\Test (1)\\lib-image-gif\\.cxx\\cmake\\debug\\x86 -DANDROID_ABI\u003dx86 -DANDROID_PLATFORM\u003dandroid-16 -DCMAKE_LIBRARY_OUTPUT_DIRECTORY\u003dC:\\Users\\Yu\\Desktop\\Test (1)\\lib-image-gif\\build\\intermediates\\cmake\\debug\\obj\\x86 -DCMAKE_BUILD_TYPE\u003dDebug -DANDROID_NDK\u003dC:\\Users\\Yu\\AppData\\Local\\Android\\Sdk\\ndk\\23.1.7779620 -DCMAKE_CXX_FLAGS\u003d -DCMAKE_TOOLCHAIN_FILE\u003dC:\\Users\\Yu\\AppData\\Local\\Android\\Sdk\\ndk\\23.1.7779620\\build\\cmake\\android.toolchain.cmake -DCMAKE_MAKE_PROGRAM\u003dC:\\Users\\Yu\\AppData\\Local\\Android\\Sdk\\cmake\\3.6.4111459\\bin\\ninja.exe -GAndroid Gradle - Ninja}\n-- Check for working C compiler: C:/Users/Yu/AppData/Local/Android/sdk/ndk/23.1.7779620/toolchains/llvm/prebuilt/windows-x86_64/bin/clang.exe\n-- Check for working C compiler: C:/Users/Yu/AppData/Local/Android/sdk/ndk/23.1.7779620/toolchains/llvm/prebuilt/windows-x86_64/bin/clang.exe -- broken\n-- Configuring incomplete, errors occurred!\nSee also \"C:/Users/Yu/Desktop/Test (1)/lib-image-gif/.cxx/cmake/debug/x86/CMakeFiles/CMakeOutput.log\".\nSee also \"C:/Users/Yu/Desktop/Test (1)/lib-image-gif/.cxx/cmake/debug/x86/CMakeFiles/CMakeError.log\".\n\nCMake Warning at C:/Users/Yu/AppData/Local/Android/sdk/ndk/23.1.7779620/build/cmake/android-legacy.toolchain.cmake:416 (message):\n  An old version of CMake is being used that cannot automatically detect\n  compiler attributes.  Compiler identification is being bypassed.  Some\n  values may be wrong or missing.  Update to CMake 3.19 or newer to use\n  CMake\u0027s built-in compiler identification.\nCall Stack (most recent call first):\n  C:/Users/Yu/AppData/Local/Android/sdk/ndk/23.1.7779620/build/cmake/android.toolchain.cmake:55 (include)\n  C:/Users/Yu/AppData/Local/Android/sdk/cmake/3.6.4111459/share/cmake-3.6/Modules/CMakeDetermineSystem.cmake:98 (include)\n  CMakeLists.txt\n\n\nCMake Warning at C:/Users/Yu/AppData/Local/Android/sdk/ndk/23.1.7779620/build/cmake/android-legacy.toolchain.cmake:416 (message):\n  An old version of CMake is being used that cannot automatically detect\n  compiler attributes.  Compiler identification is being bypassed.  Some\n  values may be wrong or missing.  Update to CMake 3.19 or newer to use\n  CMake\u0027s built-in compiler identification.\nCall Stack (most recent call first):\n  C:/Users/Yu/AppData/Local/Android/sdk/ndk/23.1.7779620/build/cmake/android.toolchain.cmake:55 (include)\n  C:/Users/Yu/Desktop/Test (1)/lib-image-gif/.cxx/cmake/debug/x86/CMakeFiles/3.6.0-rc2/CMakeSystem.cmake:6 (include)\n  C:/Users/Yu/Desktop/Test (1)/lib-image-gif/.cxx/cmake/debug/x86/CMakeFiles/CMakeTmp/CMakeLists.txt:2 (project)\n\n\nCMake Error at C:/Users/Yu/AppData/Local/Android/sdk/cmake/3.6.4111459/share/cmake-3.6/Modules/CMakeTestCCompiler.cmake:61 (message):\n  The C compiler\n  \"C:/Users/Yu/AppData/Local/Android/sdk/ndk/23.1.7779620/toolchains/llvm/prebuilt/windows-x86_64/bin/clang.exe\"\n  is not able to compile a simple test program.\n\n  It fails with the following output:\n\n   Change Dir: C:/Users/Yu/Desktop/Test (1)/lib-image-gif/.cxx/cmake/debug/x86/CMakeFiles/CMakeTmp\n\n  \n\n  Run Build\n  Command:\"C:\\Users\\Yu\\AppData\\Local\\Android\\Sdk\\cmake\\3.6.4111459\\bin\\ninja.exe\"\n  \"cmTC_3085b\"\n\n  [1/2] Building C object CMakeFiles/cmTC_3085b.dir/testCCompiler.c.o\n\n\n  [2/2] Linking C executable cmTC_3085b\n\n\n  FAILED: cmd.exe /C \"cd .  \u0026\u0026\n  C:\\Users\\Yu\\AppData\\Local\\Android\\sdk\\ndk\\23.1.7779620\\toolchains\\llvm\\prebuilt\\windows-x86_64\\bin\\clang.exe\n  --target\u003di686-none-linux-android16\n  --gcc-toolchain\u003dC:/Users/Yu/AppData/Local/Android/sdk/ndk/23.1.7779620/toolchains/llvm/prebuilt/windows-x86_64\n  --sysroot\u003dC:/Users/Yu/AppData/Local/Android/sdk/ndk/23.1.7779620/toolchains/llvm/prebuilt/windows-x86_64/sysroot\n  -g -DANDROID -fdata-sections -ffunction-sections -funwind-tables\n  -fstack-protector-strong -no-canonical-prefixes -mstackrealign\n  -D_FORTIFY_SOURCE\u003d2 -Wformat -Werror\u003dformat-security -static-libstdc++\n  -Wl,--build-id\u003dsha1 -Wl,--no-rosegment -Wl,--fatal-warnings\n  -Wl,--no-undefined -Qunused-arguments -Wl,--gc-sections\n  CMakeFiles/cmTC_3085b.dir/testCCompiler.c.o -o cmTC_3085b -latomic -lm \u0026\u0026\n  cd .\"\n\n\n  ld: error: failed to write to the output file: Permission denied\n\n\n\n  clang: error: linker command failed with exit code 1 (use -v to see\n  invocation)\n\n\n\n  ninja: build stopped: subcommand failed.\n\n\n  \n\n  \n\n  CMake will not be able to correctly generate this project.\nCall Stack (most recent call first):\n  CMakeLists.txt\n\n\n"
  }
]